[    0.000000] Initializing cgroup subsys cpuset
[    0.000000] Initializing cgroup subsys cpu
[    0.000000] Initializing cgroup subsys cpuacct
[    0.000000] Linux version 4.4.0-210-generic (buildd@lgw01-amd64-009) (gcc version 5.4.0 20160609 (Ubuntu 5.4.0-6ubuntu1~16.04.12) ) #242-Ubuntu SMP Fri Apr 16 09:57:56 UTC 2021 (Ubuntu 4.4.0-210.242-generic 4.4.262)
[    0.000000] Command line: BOOT_IMAGE=/boot/vmlinuz-4.4.0-210-generic root=LABEL=cloudimg-rootfs ro console=tty1 console=ttyS0
[    0.000000] KERNEL supported cpus:
[    0.000000]   Intel GenuineIntel
[    0.000000]   AMD AuthenticAMD
[    0.000000]   Centaur CentaurHauls
[    0.000000] x86/fpu: xstate_offset[2]:  576, xstate_sizes[2]:  256
[    0.000000] x86/fpu: Supporting XSAVE feature 0x01: 'x87 floating point registers'
[    0.000000] x86/fpu: Supporting XSAVE feature 0x02: 'SSE registers'
[    0.000000] x86/fpu: Supporting XSAVE feature 0x04: 'AVX registers'
[    0.000000] x86/fpu: Enabled xstate features 0x7, context size is 832 bytes, using 'standard' format.
[    0.000000] e820: BIOS-provided physical RAM map:
[    0.000000] BIOS-e820: [mem 0x0000000000000000-0x000000000009fbff] usable
[    0.000000] BIOS-e820: [mem 0x000000000009fc00-0x000000000009ffff] reserved
[    0.000000] BIOS-e820: [mem 0x00000000000f0000-0x00000000000fffff] reserved
[    0.000000] BIOS-e820: [mem 0x0000000000100000-0x000000003ffeffff] usable
[    0.000000] BIOS-e820: [mem 0x000000003fff0000-0x000000003fffffff] ACPI data
[    0.000000] BIOS-e820: [mem 0x00000000fec00000-0x00000000fec00fff] reserved
[    0.000000] BIOS-e820: [mem 0x00000000fee00000-0x00000000fee00fff] reserved
[    0.000000] BIOS-e820: [mem 0x00000000fffc0000-0x00000000ffffffff] reserved
[    0.000000] NX (Execute Disable) protection: active
[    0.000000] SMBIOS 2.5 present.
[    0.000000] Hypervisor detected: KVM
[    0.000000] e820: last_pfn = 0x3fff0 max_arch_pfn = 0x400000000
[    0.000000] MTRR: Disabled
[    0.000000] x86/PAT: MTRRs disabled, skipping PAT initialization too.
[    0.000000] CPU MTRRs all blank - virtualized system.
[    0.000000] x86/PAT: Configuration [0-7]: WB  WT  UC- UC  WB  WT  UC- UC  
[    0.000000] found SMP MP-table at [mem 0x0009fff0-0x0009ffff] mapped at [ffff88000009fff0]
[    0.000000] Scanning 1 areas for low memory corruption
[    0.000000] RAMDISK: [mem 0x362dc000-0x37165fff]
[    0.000000] ACPI: Early table checksum verification disabled
[    0.000000] ACPI: RSDP 0x00000000000E0000 000024 (v02 VBOX  )
[    0.000000] ACPI: XSDT 0x000000003FFF0030 00003C (v01 VBOX   VBOXXSDT 00000001 ASL  00000061)
[    0.000000] ACPI: FACP 0x000000003FFF00F0 0000F4 (v04 VBOX   VBOXFACP 00000001 ASL  00000061)
[    0.000000] ACPI: DSDT 0x000000003FFF0470 002325 (v02 VBOX   VBOXBIOS 00000002 INTL 20100528)
[    0.000000] ACPI: FACS 0x000000003FFF0200 000040
[    0.000000] ACPI: FACS 0x000000003FFF0200 000040
[    0.000000] ACPI: APIC 0x000000003FFF0240 00005C (v02 VBOX   VBOXAPIC 00000001 ASL  00000061)
[    0.000000] ACPI: SSDT 0x000000003FFF02A0 0001CC (v01 VBOX   VBOXCPUT 00000002 INTL 20100528)
[    0.000000] No NUMA configuration found
[    0.000000] Faking a node at [mem 0x0000000000000000-0x000000003ffeffff]
[    0.000000] NODE_DATA(0) allocated [mem 0x3ffeb000-0x3ffeffff]
[    0.000000] kvm-clock: Using msrs 4b564d01 and 4b564d00
[    0.000000] kvm-clock: cpu 0, msr 0:3ffe3001, primary cpu clock
[    0.000000] kvm-clock: using sched offset of 3617639417 cycles
[    0.000000] clocksource: kvm-clock: mask: 0xffffffffffffffff max_cycles: 0x1cd42e4dffb, max_idle_ns: 881590591483 ns
[    0.000000] Zone ranges:
[    0.000000]   DMA      [mem 0x0000000000001000-0x0000000000ffffff]
[    0.000000]   DMA32    [mem 0x0000000001000000-0x000000003ffeffff]
[    0.000000]   Normal   empty
[    0.000000]   Device   empty
[    0.000000] Movable zone start for each node
[    0.000000] Early memory node ranges
[    0.000000]   node   0: [mem 0x0000000000001000-0x000000000009efff]
[    0.000000]   node   0: [mem 0x0000000000100000-0x000000003ffeffff]
[    0.000000] Initmem setup node 0 [mem 0x0000000000001000-0x000000003ffeffff]
[    0.000000] ACPI: PM-Timer IO Port: 0x4008
[    0.000000] IOAPIC[0]: apic_id 2, version 32, address 0xfec00000, GSI 0-23
[    0.000000] ACPI: INT_SRC_OVR (bus 0 bus_irq 0 global_irq 2 dfl dfl)
[    0.000000] ACPI: INT_SRC_OVR (bus 0 bus_irq 9 global_irq 9 low level)
[    0.000000] Using ACPI (MADT) for SMP configuration information
[    0.000000] smpboot: Allowing 2 CPUs, 0 hotplug CPUs
[    0.000000] PM: Registered nosave memory: [mem 0x00000000-0x00000fff]
[    0.000000] PM: Registered nosave memory: [mem 0x0009f000-0x0009ffff]
[    0.000000] PM: Registered nosave memory: [mem 0x000a0000-0x000effff]
[    0.000000] PM: Registered nosave memory: [mem 0x000f0000-0x000fffff]
[    0.000000] e820: [mem 0x40000000-0xfebfffff] available for PCI devices
[    0.000000] Booting paravirtualized kernel on KVM
[    0.000000] clocksource: refined-jiffies: mask: 0xffffffff max_cycles: 0xffffffff, max_idle_ns: 7645519600211568 ns
[    0.000000] setup_percpu: NR_CPUS:512 nr_cpumask_bits:512 nr_cpu_ids:2 nr_node_ids:1
[    0.000000] PERCPU: Embedded 33 pages/cpu @ffff88003fc00000 s95192 r8192 d31784 u1048576
[    0.000000] Built 1 zonelists in Node order, mobility grouping on.  Total pages: 257912
[    0.000000] Policy zone: DMA32
[    0.000000] Kernel command line: BOOT_IMAGE=/boot/vmlinuz-4.4.0-210-generic root=LABEL=cloudimg-rootfs ro console=tty1 console=ttyS0
[    0.000000] PID hash table entries: 4096 (order: 3, 32768 bytes)
[    0.000000] Memory: 997792K/1048120K available (8644K kernel code, 1332K rwdata, 4044K rodata, 1492K init, 1164K bss, 50328K reserved, 0K cma-reserved)
[    0.000000] SLUB: HWalign=64, Order=0-3, MinObjects=0, CPUs=2, Nodes=1
[    0.000000] Kernel/User page tables isolation: enabled
[    0.000000] Hierarchical RCU implementation.
[    0.000000] 	Build-time adjustment of leaf fanout to 64.
[    0.000000] 	RCU restricting CPUs from NR_CPUS=512 to nr_cpu_ids=2.
[    0.000000] RCU: Adjusting geometry for rcu_fanout_leaf=64, nr_cpu_ids=2
[    0.000000] NR_IRQS:33024 nr_irqs:440 16
[    0.000000] Console: colour VGA+ 80x25
[    0.000000] console [tty1] enabled
[    0.000000] console [ttyS0] enabled
[    0.000000] tsc: Detected 2904.000 MHz processor
[    0.196329] Calibrating delay loop (skipped) preset value.. 5808.00 BogoMIPS (lpj=11616000)
[    0.198533] pid_max: default: 32768 minimum: 301
[    0.199915] ACPI: Core revision 20150930
[    0.202727] ACPI: 2 ACPI AML tables successfully acquired and loaded
[    0.204587] Security Framework initialized
[    0.206950] Yama: becoming mindful.
[    0.208318] AppArmor: AppArmor initialized
[    0.209736] Dentry cache hash table entries: 131072 (order: 8, 1048576 bytes)
[    0.212018] Inode-cache hash table entries: 65536 (order: 7, 524288 bytes)
[    0.213789] Mount-cache hash table entries: 2048 (order: 2, 16384 bytes)
[    0.215360] Mountpoint-cache hash table entries: 2048 (order: 2, 16384 bytes)
[    0.217279] Initializing cgroup subsys io
[    0.218426] Initializing cgroup subsys memory
[    0.219594] Initializing cgroup subsys devices
[    0.220780] Initializing cgroup subsys freezer
[    0.222356] Initializing cgroup subsys net_cls
[    0.223552] Initializing cgroup subsys perf_event
[    0.225174] Initializing cgroup subsys net_prio
[    0.226779] Initializing cgroup subsys hugetlb
[    0.228588] Initializing cgroup subsys pids
[    0.230993] mce: CPU supports 0 MCE banks
[    0.232280] Last level iTLB entries: 4KB 64, 2MB 8, 4MB 8
[    0.233761] Last level dTLB entries: 4KB 64, 2MB 0, 4MB 0, 1GB 4
[    0.235357] Spectre V1 : Mitigation: usercopy/swapgs barriers and __user pointer sanitization
[    0.237775] Spectre V2 : Mitigation: Full generic retpoline
[    0.239629] Spectre V2 : Spectre v2 / SpectreRSB mitigation: Filling RSB on context switch
[    0.241972] Speculative Store Bypass: Vulnerable
[    0.243074] SRBDS: Unknown: Dependent on hypervisor status
[    0.244565] MDS: Mitigation: Clear CPU buffers
[    0.248802] Freeing SMP alternatives memory: 36K
[    0.257238] ftrace: allocating 32380 entries in 127 pages
[    0.327906] smpboot: APIC(0) Converting physical 0 to logical package 0
[    0.330200] smpboot: Max logical packages: 1
[    0.331805] x2apic enabled
[    0.333679] Switched APIC routing to physical x2apic.
[    0.336664] ..TIMER: vector=0x30 apic1=0 pin1=2 apic2=-1 pin2=-1
[    0.446730] smpboot: CPU0: Intel(R) Core(TM) i7-7820HK CPU @ 2.90GHz (family: 0x6, model: 0x9e, stepping: 0x9)
[    0.450230] Performance Events: unsupported p6 CPU model 158 no PMU driver, software events only.
[    0.465222] KVM setup paravirtual spinlock
[    0.467276] x86: Booting SMP configuration:
[    0.468546] .... node  #0, CPUs:      #1
[    0.469767] kvm-clock: cpu 1, msr 0:3ffe3041, secondary cpu clock
[    0.472016] mce: CPU supports 0 MCE banks
[    0.476427] x86: Booted up 1 node, 2 CPUs
[    0.478153] smpboot: Total of 2 processors activated (11616.00 BogoMIPS)
[    0.480929] devtmpfs: initialized
[    0.484050] evm: security.selinux
[    0.485388] evm: security.SMACK64
[    0.486805] evm: security.SMACK64EXEC
[    0.488151] evm: security.SMACK64TRANSMUTE
[    0.489765] evm: security.SMACK64MMAP
[    0.490773] evm: security.ima
[    0.491635] evm: security.capability
[    0.492713] clocksource: jiffies: mask: 0xffffffff max_cycles: 0xffffffff, max_idle_ns: 7645041785100000 ns
[    0.495094] futex hash table entries: 512 (order: 3, 32768 bytes)
[    0.497083] pinctrl core: initialized pinctrl subsystem
[    0.498887] RTC time: 10:44:53, date: 04/21/22
[    0.500685] NET: Registered protocol family 16
[    0.512116] cpuidle: using governor ladder
[    0.522893] cpuidle: using governor menu
[    0.525253] PCCT header not found.
[    0.526702] ACPI: bus type PCI registered
[    0.528551] acpiphp: ACPI Hot Plug PCI Controller Driver version: 0.5
[    0.530762] PCI: Using configuration type 1 for base access
[    0.548228] ACPI: Added _OSI(Module Device)
[    0.549478] ACPI: Added _OSI(Processor Device)
[    0.550684] ACPI: Added _OSI(3.0 _SCP Extensions)
[    0.551969] ACPI: Added _OSI(Processor Aggregator Device)
[    0.554310] ACPI: Executed 1 blocks of module-level executable AML code
[    0.559601] ACPI: Interpreter enabled
[    0.561042] ACPI: (supports S0 S5)
[    0.562244] ACPI: Using IOAPIC for interrupt routing
[    0.564220] PCI: Using host bridge windows from ACPI; if necessary, use "pci=nocrs" and report a bug
[    0.570914] ACPI: PCI Root Bridge [PCI0] (domain 0000 [bus 00-ff])
[    0.572987] acpi PNP0A03:00: _OSC: OS supports [ASPM ClockPM Segments MSI]
[    0.576406] acpi PNP0A03:00: _OSC: not requesting OS control; OS requires [ExtendedConfig ASPM ClockPM MSI]
[    0.579665] acpi PNP0A03:00: fail to add MMCONFIG information, can't access extended PCI configuration space under this bridge.
[    0.584209] PCI host bridge to bus 0000:00
[    0.585742] pci_bus 0000:00: root bus resource [io  0x0000-0x0cf7 window]
[    0.588184] pci_bus 0000:00: root bus resource [io  0x0d00-0xffff window]
[    0.590694] pci_bus 0000:00: root bus resource [mem 0x000a0000-0x000bffff window]
[    0.593061] pci_bus 0000:00: root bus resource [mem 0x40000000-0xfdffffff window]
[    0.595450] pci_bus 0000:00: root bus resource [bus 00-ff]
[    0.599775] pci 0000:00:01.1: legacy IDE quirk: reg 0x10: [io  0x01f0-0x01f7]
[    0.602451] pci 0000:00:01.1: legacy IDE quirk: reg 0x14: [io  0x03f6]
[    0.604035] pci 0000:00:01.1: legacy IDE quirk: reg 0x18: [io  0x0170-0x0177]
[    0.622844] pci 0000:00:01.1: legacy IDE quirk: reg 0x1c: [io  0x0376]
[    0.650308] pci 0000:00:07.0: quirk: [io  0x4000-0x403f] claimed by PIIX4 ACPI
[    0.653067] pci 0000:00:07.0: quirk: [io  0x4100-0x410f] claimed by PIIX4 SMB
[    0.665737] ACPI: PCI Interrupt Link [LNKA] (IRQs 5 9 10 *11)
[    0.668072] ACPI: PCI Interrupt Link [LNKB] (IRQs 5 9 *10 11)
[    0.670022] ACPI: PCI Interrupt Link [LNKC] (IRQs 5 *9 10 11)
[    0.672591] ACPI: PCI Interrupt Link [LNKD] (IRQs 5 9 10 *11)
[    0.674596] ACPI: Enabled 2 GPEs in block 00 to 07
[    0.676093] vgaarb: setting as boot device: PCI:0000:00:02.0
[    0.677413] vgaarb: device added: PCI:0000:00:02.0,decodes=io+mem,owns=io+mem,locks=none
[    0.679519] vgaarb: loaded
[    0.680342] vgaarb: bridge control possible 0000:00:02.0
[    0.682228] SCSI subsystem initialized
[    0.683468] ACPI: bus type USB registered
[    0.684606] usbcore: registered new interface driver usbfs
[    0.685966] usbcore: registered new interface driver hub
[    0.687514] usbcore: registered new device driver usb
[    0.689550] PCI: Using ACPI for IRQ routing
[    0.690988] NetLabel: Initializing
[    0.692070] NetLabel:  domain hash size = 128
[    0.693148] NetLabel:  protocols = UNLABELED CIPSOv4
[    0.694352] NetLabel:  unlabeled traffic allowed by default
[    0.695757] amd_nb: Cannot enumerate AMD northbridges
[    0.697027] clocksource: Switched to clocksource kvm-clock
[    0.703804] AppArmor: AppArmor Filesystem Enabled
[    0.705186] pnp: PnP ACPI init
[    0.707019] pnp: PnP ACPI: found 3 devices
[    0.715613] clocksource: acpi_pm: mask: 0xffffff max_cycles: 0xffffff, max_idle_ns: 2085701024 ns
[    0.717766] NET: Registered protocol family 2
[    0.718956] TCP established hash table entries: 8192 (order: 4, 65536 bytes)
[    0.720514] TCP bind hash table entries: 8192 (order: 5, 131072 bytes)
[    0.722449] TCP: Hash tables configured (established 8192 bind 8192)
[    0.723911] UDP hash table entries: 512 (order: 2, 16384 bytes)
[    0.725443] UDP-Lite hash table entries: 512 (order: 2, 16384 bytes)
[    0.727103] NET: Registered protocol family 1
[    0.728203] pci 0000:00:00.0: Limiting direct PCI/PCI transfers
[    0.729563] pci 0000:00:01.0: Activating ISA DMA hang workarounds
[    0.731086] Unpacking initramfs...
[    0.918686] Freeing initrd memory: 14888K
[    0.919984] clocksource: tsc: mask: 0xffffffffffffffff max_cycles: 0x29dc05e54fc, max_idle_ns: 440795291716 ns
[    0.923304] platform rtc_cmos: registered platform RTC device (no PNP device found)
[    0.925676] Scanning for low memory corruption every 60 seconds
[    0.927536] audit: initializing netlink subsys (disabled)
[    0.928890] audit: type=2000 audit(1650537898.774:1): initialized
[    0.930578] Initialise system trusted keyring
[    0.931914] HugeTLB registered 2 MB page size, pre-allocated 0 pages
[    0.935204] zbud: loaded
[    0.936964] VFS: Disk quotas dquot_6.6.0
[    0.939036] VFS: Dquot-cache hash table entries: 512 (order 0, 4096 bytes)
[    0.941452] squashfs: version 4.0 (2009/01/31) Phillip Lougher
[    0.943380] fuse init (API version 7.23)
[    0.945404] Key type big_key registered
[    0.947126] Allocating IMA MOK and blacklist keyrings.
[    0.950683] Key type asymmetric registered
[    0.952040] Asymmetric key parser 'x509' registered
[    0.953495] Block layer SCSI generic (bsg) driver version 0.4 loaded (major 249)
[    0.956816] io scheduler noop registered
[    0.958475] io scheduler deadline registered (default)
[    0.960505] io scheduler cfq registered
[    0.962026] pci_hotplug: PCI Hot Plug PCI Core version: 0.5
[    0.963620] pciehp: PCI Express Hot Plug Controller Driver version: 0.4
[    0.965673] ACPI: AC Adapter [AC] (on-line)
[    0.966894] input: Power Button as /devices/LNXSYSTM:00/LNXPWRBN:00/input/input0
[    0.969747] ACPI: Power Button [PWRF]
[    0.971377] input: Sleep Button as /devices/LNXSYSTM:00/LNXSLPBN:00/input/input1
[    0.973905] ACPI: Sleep Button [SLPF]
[    0.976103] ACPI: Battery Slot [BAT0] (battery present)
[    0.977604] GHES: HEST is not enabled!
[    0.978661] Serial: 8250/16550 driver, 32 ports, IRQ sharing enabled
[    1.001277] 00:02: ttyS0 at I/O 0x3f8 (irq = 4, base_baud = 115200) is a 16550A
[    1.004396] Linux agpgart interface v0.103
[    1.008735] loop: module loaded
[    1.010777] scsi host0: ata_piix
[    1.012286] scsi host1: ata_piix
[    1.013672] ata1: PATA max UDMA/33 cmd 0x1f0 ctl 0x3f6 bmdma 0xd000 irq 14
[    1.015318] ata2: PATA max UDMA/33 cmd 0x170 ctl 0x376 bmdma 0xd008 irq 15
[    1.017295] libphy: Fixed MDIO Bus: probed
[    1.018451] tun: Universal TUN/TAP device driver, 1.6
[    1.019769] tun: (C) 1999-2004 Max Krasnyansky <maxk@qualcomm.com>
[    1.021705] PPP generic driver version 2.4.2
[    1.023072] ehci_hcd: USB 2.0 'Enhanced' Host Controller (EHCI) Driver
[    1.025198] ehci-pci: EHCI PCI platform driver
[    1.026726] ehci-platform: EHCI generic platform driver
[    1.028745] ohci_hcd: USB 1.1 'Open' Host Controller (OHCI) Driver
[    1.030491] ohci-pci: OHCI PCI platform driver
[    1.031887] ohci-platform: OHCI generic platform driver
[    1.033201] uhci_hcd: USB Universal Host Controller Interface driver
[    1.035095] i8042: PNP: PS/2 Controller [PNP0303:PS2K,PNP0f03:PS2M] at 0x60,0x64 irq 1,12
[    1.038302] serio: i8042 KBD port at 0x60,0x64 irq 1
[    1.040777] serio: i8042 AUX port at 0x60,0x64 irq 12
[    1.042526] mousedev: PS/2 mouse device common for all mice
[    1.044308] rtc_cmos rtc_cmos: rtc core: registered rtc_cmos as rtc0
[    1.046398] rtc_cmos rtc_cmos: alarms up to one day, 114 bytes nvram
[    1.048259] i2c /dev entries driver
[    1.049280] device-mapper: uevent: version 1.0.3
[    1.050565] input: AT Translated Set 2 keyboard as /devices/platform/i8042/serio0/input/input2
[    1.052953] device-mapper: ioctl: 4.34.0-ioctl (2015-10-28) initialised: dm-devel@redhat.com
[    1.055098] ledtrig-cpu: registered to indicate activity on CPUs
[    1.057364] NET: Registered protocol family 10
[    1.058910] NET: Registered protocol family 17
[    1.060327] Key type dns_resolver registered
[    1.061827] registered taskstats version 1
[    1.063124] Loading compiled-in X.509 certificates
[    1.065097] Loaded X.509 cert 'Build time autogenerated kernel key: cf00e047681d67edb2720680708b7d9498083038'
[    1.068510] zswap: loaded using pool lzo/zbud
[    1.071888] Key type trusted registered
[    1.076447] Key type encrypted registered
[    1.077736] AppArmor: AppArmor sha1 policy hashing enabled
[    1.079168] ima: No TPM chip found, activating TPM-bypass!
[    1.080628] ima: Allocated hash algorithm: sha1
[    1.081949] evm: HMAC attrs: 0x1
[    1.083517]   Magic number: 2:310:730
[    1.084736] rtc_cmos rtc_cmos: setting system clock to 2022-04-21 10:44:53 UTC (1650537893)
[    1.087539] BIOS EDD facility v0.16 2004-Jun-25, 0 devices found
[    1.089639] EDD information not available.
[    1.375108] Freeing unused kernel memory: 1492K
[    1.376365] Write protecting the kernel read-only data: 14336k
[    1.378472] Freeing unused kernel memory: 1584K
[    1.379980] Freeing unused kernel memory: 52K
Loading, please wait...
starting version 229
[    1.394843] random: systemd-udevd: uninitialized urandom read (16 bytes read, 3 bits of entropy available)
[    1.395467] random: udevadm: uninitialized urandom read (16 bytes read, 3 bits of entropy available)
[    1.395486] random: udevadm: uninitialized urandom read (16 bytes read, 3 bits of entropy available)
[    1.402781] random: systemd-udevd: uninitialized urandom read (16 bytes read, 3 bits of entropy available)
[    1.404585] random: udevadm: uninitialized urandom read (16 bytes read, 3 bits of entropy available)
[    1.404632] random: udevadm: uninitialized urandom read (16 bytes read, 3 bits of entropy available)
[    1.404807] random: udevadm: uninitialized urandom read (16 bytes read, 3 bits of entropy available)
[    1.404868] random: udevadm: uninitialized urandom read (16 bytes read, 3 bits of entropy available)
[    1.405009] random: udevadm: uninitialized urandom read (16 bytes read, 3 bits of entropy available)
[    1.405168] random: udevadm: uninitialized urandom read (16 bytes read, 3 bits of entropy available)
[    1.455991] e1000: Intel(R) PRO/1000 Network Driver - version 7.3.21-k8-NAPI
[    1.458014] e1000: Copyright (c) 1999-2006 Intel Corporation.
[    1.463853] Fusion MPT base driver 3.04.20
[    1.465186] Copyright (c) 1999-2008 LSI Corporation
[    1.472863] Fusion MPT SPI Host driver 3.04.20
[    1.483387] AVX2 version of gcm_enc/dec engaged.
[    1.484634] AES CTR mode by8 optimization enabled
[    1.673161] input: ImExPS/2 Generic Explorer Mouse as /devices/platform/i8042/serio1/input/input4
[    1.863432] e1000 0000:00:03.0 eth0: (PCI:33MHz:32-bit) 02:be:82:6b:cc:1d
[    1.865292] e1000 0000:00:03.0 eth0: Intel(R) PRO/1000 Network Connection
[    1.868514] mptbase: ioc0: Initiating bringup
[    2.373109] ioc0: LSI53C1030 A0: Capabilities={Initiator}
[    5.374555] scsi host2: ioc0: LSI53C1030 A0, FwRev=00000000h, Ports=1, MaxQ=256, IRQ=20
[    7.378026] scsi 2:0:0:0: Direct-Access     VBOX     HARDDISK         1.0  PQ: 0 ANSI: 5
[    7.381391] scsi target2:0:0: Beginning Domain Validation
[    7.386985] scsi target2:0:0: Domain Validation skipping write tests
[    7.389692] scsi target2:0:0: Ending Domain Validation
[    7.391795] scsi target2:0:0: asynchronous
[    7.394555] scsi 2:0:1:0: Direct-Access     VBOX     HARDDISK         1.0  PQ: 0 ANSI: 5
[    7.398303] scsi target2:0:1: Beginning Domain Validation
[    7.403318] scsi target2:0:1: Domain Validation skipping write tests
[    7.405719] scsi target2:0:1: Ending Domain Validation
[    7.407939] scsi target2:0:1: asynchronous
[    7.453934] sd 2:0:0:0: Attached scsi generic sg0 type 0
[    7.455673] sd 2:0:0:0: [sda] 83886080 512-byte logical blocks: (42.9 GB/40.0 GiB)
[    7.458233] sd 2:0:1:0: Attached scsi generic sg1 type 0
[    7.460027] sd 2:0:1:0: [sdb] 20480 512-byte logical blocks: (10.5 MB/10.0 MiB)
[    7.462500] sd 2:0:0:0: [sda] Write Protect is off
[    7.464480] sd 2:0:0:0: [sda] Incomplete mode parameter data
[    7.466022] sd 2:0:0:0: [sda] Assuming drive cache: write through
[    7.467978] sd 2:0:1:0: [sdb] Write Protect is off
[    7.470498] sd 2:0:1:0: [sdb] Incomplete mode parameter data
[    7.472534] sd 2:0:1:0: [sdb] Assuming drive cache: write through
[    7.481479]  sda: sda1
[    7.483455] sd 2:0:0:0: [sda] Attached SCSI disk
[    7.489743] sd 2:0:1:0: [sdb] Attached SCSI disk
[    7.928739] e1000 0000:00:08.0 eth1: (PCI:33MHz:32-bit) 08:00:27:e9:a0:aa
[    7.930485] e1000 0000:00:08.0 eth1: Intel(R) PRO/1000 Network Connection
[    7.933120] e1000 0000:00:03.0 enp0s3: renamed from eth0
[    7.945336] e1000 0000:00:08.0 enp0s8: renamed from eth1
Begin: Loading essential drivers ... [    9.501540] md: linear personality registered for level -1
[    9.507044] md: multipath personality registered for level -4
[    9.512269] md: raid0 personality registered for level 0
[    9.519826] md: raid1 personality registered for level 1
[    9.593156] raid6: sse2x1   gen() 10084 MB/s
[    9.661109] raid6: sse2x1   xor()  7412 MB/s
[    9.729196] raid6: sse2x2   gen() 12800 MB/s
[    9.797144] raid6: sse2x2   xor()  8176 MB/s
[    9.865083] raid6: sse2x4   gen() 12990 MB/s
[    9.934409] raid6: sse2x4   xor()  6210 MB/s
[   10.001262] raid6: avx2x1   gen() 14342 MB/s
[   10.069140] raid6: avx2x2   gen() 18678 MB/s
[   10.137229] raid6: avx2x4   gen() 21262 MB/s
[   10.139244] raid6: using algorithm avx2x4 gen() 21262 MB/s
[   10.140942] raid6: using avx2x2 recovery algorithm
[   10.143793] xor: automatically using best checksumming function:
[   10.185078]    avx       : 24993.000 MB/sec
[   10.187411] async_tx: api initialized (async)
[   10.197405] md: raid6 personality registered for level 6
[   10.198856] md: raid5 personality registered for level 5
[   10.200271] md: raid4 personality registered for level 4
[   10.207622] md: raid10 personality registered for level 10
done.
Begin: Running /scripts/init-premount ... done.
Begin: Mounting root file system ... Begin: Running /scripts/local-top ... done.
Begin: Running /scripts/local-premount ... [   10.241394] Btrfs loaded
Scanning for Btrfs filesystems
done.
Warning: fsck not present, so skipping root file system
[   10.266378] EXT4-fs (sda1): mounted filesystem with ordered data mode. Opts: (null)
done.
Begin: Running /scripts/local-bottom ... done.
Begin: Running /scripts/init-bottom ... done.
[   10.371362] systemd[1]: systemd 229 running in system mode. (+PAM +AUDIT +SELINUX +IMA +APPARMOR +SMACK +SYSVINIT +UTMP +LIBCRYPTSETUP +GCRYPT +GNUTLS +ACL +XZ -LZ4 +SECCOMP +BLKID +ELFUTILS +KMOD -IDN)
[   10.375424] systemd[1]: Detected virtualization oracle.
[   10.376968] systemd[1]: Detected architecture x86-64.

Welcome to [1mUbuntu 16.04.7 LTS[0m!

[   10.381857] systemd[1]: Set hostname to <ubuntu>.
[   10.386323] systemd[1]: Initializing machine ID from random generator.
[   10.388298] systemd[1]: Installed transient /etc/machine-id file.
[   10.541189] systemd[1]: Created slice System Slice.
[[0;32m  OK  [0m] Created slice System Slice.
[   10.543870] systemd[1]: Set up automount Arbitrary Executable File Formats File System Automount Point.
[[0;32m  OK  [0m] Set up automount Arbitrary Executab...ats File System Automount Point.
[   10.921217] systemd[1]: Listening on fsck to fsckd communication Socket.
[[0;32m  OK  [0m] Listening on fsck to fsckd communication Socket.
[   10.924945] systemd[1]: Listening on Syslog Socket.
[[0;32m  OK  [0m] Listening on Syslog Socket.
[   10.927764] systemd[1]: Started Trigger resolvconf update for networkd DNS.
[[0;32m  OK  [0m] Started Trigger resolvconf update for networkd DNS.
[   10.931108] systemd[1]: Listening on udev Kernel Socket.
[[0;32m  OK  [0m] Listening on udev Kernel Socket.
[   10.933869] systemd[1]: Listening on /dev/initctl Compatibility Named Pipe.
[[0;32m  OK  [0m] Listening on /dev/initctl Compatibility Named Pipe.
[   10.937766] systemd[1]: Created slice User and Session Slice.
[[0;32m  OK  [0m] Created slice User and Session Slice.
[   11.372560] systemd[1]: Listening on Journal Socket.
[[0;32m  OK  [0m] Listening on Journal Socket.
[   11.386247] systemd[1]: Starting Create list of required static device nodes for the current kernel...
         Starting Create list of required st... nodes for the current kernel...
[   11.398685] systemd[1]: Starting Uncomplicated firewall...
         Starting Uncomplicated firewall...
[   11.404857] systemd[1]: Starting Load Kernel Modules...
         Starting Load Kernel Modules...
[   11.413841] Loading iSCSI transport class v2.0-870.
[   11.413865] systemd[1]: Mounting Huge Pages File System...
         Mounting Huge Pages File System...
[   11.418102] systemd[1]: Listening on Journal Socket (/dev/log).
[[0;32m  OK  [0m] Listening on Journal Socket (/dev/log).
[   11.423279] iscsi: registered transport (tcp)
[   11.426188] systemd[1]: Mounting Debug File System...
         Mounting Debug File System...
[   11.434832] systemd[1]: Starting Set console keymap...
         Starting Set console keymap...
[   11.437374] systemd[1]: Listening on LVM2 poll daemon socket.
[[0;32m  OK  [0m] Listening on LVM2 poll daemon socket.
[   11.441204] systemd[1]: Created slice system-serial\x2dgetty.slice.
[[0;32m  OK  [0m] Created slice system-serial\x2dgetty.slice.
[   11.443824] systemd[1]: Listening on LVM2 metadata daemon socket.
[[0;32m  OK  [0m] Listening on LVM2 metadata daemon socket.
[   11.447265] systemd[1]: Listening on Journal Audit Socket.
[[0;32m  OK  [0m] Listening on Journal Audit Socket.
[   11.458030] iscsi: registered transport (iser)
[   11.465243] systemd[1]: Starting File System Check on Root Device...
         Starting File System Check on Root Device...
[   11.474368] systemd[1]: Listening on Device-mapper event daemon FIFOs.
[[0;32m  OK  [0m] Listening on Device-mapper event daemon FIFOs.
[   11.485911] systemd[1]: Mounting POSIX Message Queue File System...
         Mounting POSIX Message Queue File System...
[   11.489207] systemd[1]: Reached target Swap.
[[0;32m  OK  [0m] Reached target Swap.
[   11.492138] systemd[1]: Reached target Slices.
[[0;32m  OK  [0m] Reached target Slices.
[   11.495896] systemd[1]: Starting Monitoring of LVM2 mirrors, snapshots etc. using dmeventd or progress polling...
         Starting Monitoring of LVM2 mirrors... dmeventd or progress polling...
[   11.501098] systemd[1]: Reached target User and Group Name Lookups.
[[0;32m  OK  [0m] Reached target User and Group Name Lookups.
[   11.506644] systemd[1]: Starting Journal Service...
         Starting Journal Service...
[   11.510456] systemd[1]: Started Forward Password Requests to Wall Directory Watch.
[[0;32m  OK  [0m] Started Forward Password Requests to Wall Directory Watch.
[   11.514798] systemd[1]: Reached target System Time Synchronized.
[[0;32m  OK  [0m] Reached target System Time Synchronized.
[   11.517715] systemd[1]: Reached target Encrypted Volumes.
[[0;32m  OK  [0m] Reached target Encrypted Volumes.
[   11.526024] systemd[1]: Starting Nameserver information manager...
         Starting Nameserver information manager...
[   11.529163] systemd[1]: Listening on udev Control Socket.
[[0;32m  OK  [0m] Listening on udev Control Socket.
[   11.534003] systemd[1]: Mounted Huge Pages File System.
[[0;32m  OK  [0m] Mounted Huge Pages File System.
[   11.540571] systemd[1]: Mounted POSIX Message Queue File System.
[[0;32m  OK  [0m] Mounted POSIX Message Queue File System.
[   11.543183] systemd[1]: Mounted Debug File System.
[[0;32m  OK  [0m] Mounted Debug File System.
[   11.545401] systemd[1]: Started Journal Service.
[[0;32m  OK  [0m] Started Journal Service.
[[0;32m  OK  [0m] Started Create list of required sta...ce nodes for the current kernel.
[[0;32m  OK  [0m] Started Uncomplicated firewall.
[[0;32m  OK  [0m] Started Load Kernel Modules.
[[0;32m  OK  [0m] Started Set console keymap.
[[0;32m  OK  [0m] Started File System Check on Root Device.
[[0;32m  OK  [0m] Started LVM2 metadata daemon.
[[0;32m  OK  [0m] Started File System Check Daemon to report status.
         Starting Remount Root and Kernel File Systems...
[   11.601505] EXT4-fs (sda1): re-mounted. Opts: (null)
         Starting Apply Kernel Variables...
         Mounting FUSE Control File System...
         Starting Create Static Device Nodes in /dev...
[[0;32m  OK  [0m] Started Nameserver information manager.
[[0;32m  OK  [0m] Started Remount Root and Kernel File Systems.
[[0;32m  OK  [0m] Mounted FUSE Control File System.
         Starting udev Coldplug all Devices...
         Starting Flush Journal to Persistent Storage...
         Starting Load/Save Random Seed...
[[0;32m  OK  [0m] Started Apply Kernel Variables.
[[0;32m  OK  [0m] Started Load/Save Random Seed.
[[0;32m  OK  [0m] Started Flush Journal to Persistent Storage.
[[0;32m  OK  [0m] Started Create Static Device Nodes in /dev.
         Starting udev Kernel Device Manager...
[[0;32m  OK  [0m] Started udev Coldplug all Devices.
[[0;32m  OK  [0m] Started udev Kernel Device Manager.
[[0;32m  OK  [0m] Started Dispatch Password Requests to Console Directory Watch.
[[0;32m  OK  [0m] Found device /dev/ttyS0.
[[0;32m  OK  [0m] Listening on Load/Save RF Kill Switch Status /dev/rfkill Watch.
[[0;32m  OK  [0m] Started Monitoring of LVM2 mirrors,...ng dmeventd or progress polling.
[[0;32m  OK  [0m] Reached target Local File Systems (Pre).
[[0;32m  OK  [0m] Reached target Local File Systems.
         Starting Initial cloud-init job (pre-networking)...
         Starting Commit a transient machine-id on disk...
         Starting Tell Plymouth To Write Out Runtime Data...
         Starting Set console font and keymap...
         Starting Create Volatile Files and Directories...
         Starting LSB: AppArmor initialization...
[[0;32m  OK  [0m] Started Commit a transient machine-id on disk.
[[0;32m  OK  [0m] Started Tell Plymouth To Write Out Runtime Data.
[[0;32m  OK  [0m] Started Create Volatile Files and Directories.
         Starting Update UTMP about System Boot/Shutdown...
[[0;32m  OK  [0m] Started Update UTMP about System Boot/Shutdown.
[[0;32m  OK  [0m] Started Set console font and keymap.
[[0;32m  OK  [0m] Created slice system-getty.slice.
[   13.485946] cloud-init[599]: Cloud-init v. 21.1-19-gbad84ad4-0ubuntu1~16.04.2 running 'init-local' at Thu, 21 Apr 2022 10:45:05 +0000. Up 12.98 seconds.
[[0;32m  OK  [0m] Started Initial cloud-init job (pre-networking).
[[0;32m  OK  [0m] Reached target Network (Pre).
[[0;32m  OK  [0m] Started LSB: AppArmor initialization.
         Starting Load AppArmor profiles managed internally by snapd...
         Starting Raise network interfaces...
[[0;32m  OK  [0m] Started Load AppArmor profiles managed internally by snapd.
[[0;32m  OK  [0m] Started Raise network interfaces.
[[0;32m  OK  [0m] Reached target Network.
         Starting Initial cloud-init job (metadata service crawler)...
[   15.741282] cloud-init[957]: Cloud-init v. 21.1-19-gbad84ad4-0ubuntu1~16.04.2 running 'init' at Thu, 21 Apr 2022 10:45:07 +0000. Up 15.13 seconds.
[   15.742951] cloud-init[957]: ci-info: ++++++++++++++++++++++++++++++++++++++Net device info+++++++++++++++++++++++++++++++++++++++
[   15.744693] cloud-init[957]: ci-info: +--------+-------+----------------------------+---------------+--------+-------------------+
[   15.746594] cloud-init[957]: ci-info: | Device |   Up  |          Address           |      Mask     | Scope  |     Hw-Address    |
[   15.748701] cloud-init[957]: ci-info: +--------+-------+----------------------------+---------------+--------+-------------------+
[   15.751267] cloud-init[957]: ci-info: | enp0s3 |  True |         10.0.2.15          | 255.255.255.0 | global | 02:be:82:6b:cc:1d |
[   15.754138] cloud-init[957]: ci-info: | enp0s3 |  True | fe80::be:82ff:fe6b:cc1d/64 |       .       |  link  | 02:be:82:6b:cc:1d |
[   15.756621] cloud-init[957]: ci-info: | enp0s8 | False |             .              |       .       |   .    | 08:00:27:e9:a0:aa |
[   15.759063] cloud-init[957]: ci-info: |   lo   |  True |         127.0.0.1          |   255.0.0.0   |  host  |         .         |
[   15.761165] cloud-init[957]: ci-info: |   lo   |  True |          ::1/128           |       .       |  host  |         .         |
[   15.763102] cloud-init[957]: ci-info: +--------+-------+----------------------------+---------------+--------+-------------------+
[   15.765025] cloud-init[957]: ci-info: +++++++++++++++++++++++++++Route IPv4 info++++++++++++++++++++++++++++
[   15.766680] cloud-init[957]: ci-info: +-------+-------------+----------+---------------+-----------+-------+
[   15.768248] cloud-init[957]: ci-info: | Route | Destination | Gateway  |    Genmask    | Interface | Flags |
[   15.769927] cloud-init[957]: ci-info: +-------+-------------+----------+---------------+-----------+-------+
[   15.771616] cloud-init[957]: ci-info: |   0   |   0.0.0.0   | 10.0.2.2 |    0.0.0.0    |   enp0s3  |   UG  |
[   15.774776] cloud-init[957]: ci-info: |   1   |   10.0.2.0  | 0.0.0.0  | 255.255.255.0 |   enp0s3  |   U   |
[   15.776055] cloud-init[957]: ci-info: +-------+-------------+----------+---------------+-----------+-------+
[   15.784464] cloud-init[957]: ci-info: +++++++++++++++++++Route IPv6 info+++++++++++++++++++
[   15.785981] cloud-init[957]: ci-info: +-------+-------------+---------+-----------+-------+
[   15.793083] [[0;32m  OK  [0m] Started Initial cloud-init job (metadata service crawler).
[[0;32m  OK  [0m] Reached target System Initialization.
         Starting Socket activation for snappy daemon.
[[0;32m  OK  [0m] Listening on UUID daemon activation socket.
cloud-init[957]: ci-info: | Route | Destination | Gateway | Interface | Flags |
[[0;32m  OK  [0m] Started Message of the Day.
[[0;32m  OK  [0m] Started Daily Cleanup of Temporary Directories.
[[0;32m  OK  [0m] Started Daily apt download activities.
[[0;32m  OK  [0m] Started Daily apt upgrade and clean activities.
[   15.799000] cloud-init[957]: ci-info: +-------+-------------+---------+-----------+-------+
[   15.799310] cloud-init[957]: ci-info: |   0   |  fe80::/64  |    ::   |   enp0s3  |   U   |
[   15.799807] cloud-init[957]: ci-info: |   3   |   ff00::/8  |    ::   |   enp0s3  |   U   |
[   15.800394] cloud-init[957]: ci-info: +-------+-------------+---------+-----------+-------+
[   15.800905] cloud-init[957]: Generating public/private rsa key pair.
[   15.801342] cloud-init[957]: Your identification has been saved in /etc/ssh/ssh_host_rsa_key.
[   15.801804] cloud-init[957]: Your public key has been saved in /etc/ssh/ssh_host_rsa_key.pub.
[   15.802099] cloud-init[957]: The key fingerprint is:
[   15.802579] cloud-init[957]: SHA256:P8L/EH3mCdXQxJ1X94Ud/jbzloETngOLdQQ66gkDyzA root@ubuntu-xenial
[   15.802869] cloud-init[957]: The key's randomart image is:
[   15.803165] cloud-init[957]: +---[RSA 2048]----+
[   15.803695] cloud-init[957]: |           ....BX|
[   15.803984] cloud-init[957]: |          . . o+X|
[   15.804474] cloud-init[957]: | E .     o o o..+|
[   15.804764] cloud-init[957]: |  + o   . +.=.+ .|
[   15.805094] cloud-init[957]: |   o o .S...o*o+o|
[   15.805571] cloud-init[957]: |      +... . =oo*|
[   15.805866] cloud-init[957]: |       oo +   o.o|
[   15.806161] cloud-init[957]: |         o o   . |
[[0;32m  OK  [0m] Started Ubuntu Advantage update messaging.
[   15.806330] cloud-init[957]: |          ...    |
[   15.820220] cloud-init[957]: +----[SHA256]-----+
[   15.820420] cloud-init[957]: Generating public/private dsa key pair.
[   15.820713] cloud-init[957]: Your identification has been saved in /etc/ssh/ssh_host_dsa_key.
[   15.821033] cloud-init[957]: Your public key has been saved in /etc/ssh/ssh_host_dsa_key.pub.
[   15.821594] cloud-init[957]: The key fingerprint is:
[   15.822018] cloud-init[957]: SHA256:8vPQmdcxUfJxtDoIEIDQwBKoqOW6I6fAFnu+EgE0Suc root@ubuntu-xenial
[   15.822490] cloud-init[957]: The key's randomart image is:
[   15.822791] cloud-init[957]: +---[DSA 1024]----+
[   15.823268] cloud-init[957]: |=B+....o.     .o+|
[   15.823718] cloud-init[957]: |*.+o    .      ++|
[   15.825240] cloud-init[957]: |*  E     .    ...|
[   15.825489] cloud-init[957]: |o..       . . .. |
[   15.826003] cloud-init[957]: |.+.   . S  . oo  |
[   15.826113] cloud-init[957]: |o.+    o . o ..o |
[   15.826352] cloud-init[957]: |.=..    + + . .  |
[   15.826576] cloud-init[957]: |*.+      + .     |
[   15.826990] cloud-init[957]: |+=.o.     .      |
[   15.827215] cloud-init[957]: +----[SHA256]-----+
[   15.827500] cloud-init[957]: Generating public/private ecdsa key pair.
[   15.827640] cloud-init[957]: Your identification has been saved in /etc/ssh/ssh_host_ecdsa_key.
[   15.827903] cloud-init[957]: Your public key has been saved in /etc/ssh/ssh_host_ecdsa_key.pub.
[   15.828315] cloud-init[957]: The key fingerprint is:
[   15.828395] cloud-init[957]: SHA256:vvxd6f0rJjlTww5f0HnkjAkQ8O5srqUKdDeiVCUdobY root@ubuntu-xenial
[   15.828755] cloud-init[957]: The key's randomart image is:
[   15.829103] cloud-init[957]: +---[ECDSA 256]---+
[   15.829326] cloud-init[957]: |      ..=+oo     |
[   15.829524] cloud-init[957]: |       +..  .   .|
[   15.830182] cloud-init[957]: |      +   .  ..*.|
[   15.830621] cloud-init[957]: |     o . .   .oo+|
[   15.831314] cloud-init[957]: |    o E S . . . .|
[   15.831542] cloud-init[957]: |   o o + + . + o |
[   15.831664] cloud-init[957]: |    o   . = * =  |
[   15.831906] cloud-init[957]: |     . . * * B . |
[   15.832355] cloud-init[957]: |      ..=oo * o.=|
[   15.832975] cloud-init[957]: +----[SHA256]-----+
[   15.833263] cloud-init[957]: Generating public/private ed25519 key pair.
[   15.833557] cloud-init[957]: Your identification has been saved in /etc/ssh/ssh_host_ed25519_key.
[   15.834007] cloud-init[957]: Your public key has been saved in /etc/ssh/ssh_host_ed25519_key.pub.
[   15.834299] cloud-init[957]: The key fingerprint is:
[   15.834613] cloud-init[957]: SHA256:chzWljbs5I4sZmtWXKzXEh0mx9hMWbWjVF2U7cGupPA root@ubuntu-xenial
[   15.834900] cloud-init[957]: The key's randomart image is:
[   15.835189] cloud-init[957]: +--[ED25519 256]--+
[   15.835486] cloud-init[957]: |           *.oo+O|
[   15.835986] cloud-init[957]: |         oo.O .++|
[   15.836469] cloud-init[957]: |        o.O= o.+.|
[   15.836917] cloud-init[957]: |       o O+.o...o|
[   15.837208] cloud-init[957]: |      ..So=oo..  |
[   15.837522] cloud-init[957]: |       ++ooE..   |
[   15.837829] cloud-init[957]: |      +.o...     |
[   15.838123] cloud-init[957]: |     ooo         |
[   15.838628] cloud-init[957]: |     o.          |
[   15.838898] cloud-init[957]: +----[SHA256]-----+
[[0;32m  OK  [0m] Started ACPI Events Check.
[[0;32m  OK  [0m] Reached target Paths.
[[0;32m  OK  [0m] Listening on D-Bus System Message Bus Socket.
[[0;32m  OK  [0m] Listening on ACPID Listen Socket.
[[0;32m  OK  [0m] Reached target Timers.
         Starting LXD - unix socket.
[[0;32m  OK  [0m] Reached target Cloud-config availability.
[[0;32m  OK  [0m] Reached target Network is Online.
         Starting iSCSI initiator daemon (iscsid)...
[[0;32m  OK  [0m] Listening on Socket activation for snappy daemon.
[[0;32m  OK  [0m] Listening on LXD - unix socket.
[[0;32m  OK  [0m] Reached target Sockets.
[[0;32m  OK  [0m] Reached target Basic System.
         Starting LSB: Record successful boot for GRUB...
         Starting Accounts Service...
         Starting Virtualbox guest utils...
         Starting Pollinate to seed the pseudo random number generator...
         Starting System Logging Service...
         Starting Login Service...
         Starting /etc/rc.local Compatibility...
[[0;32m  OK  [0m] Started ACPI event daemon.
         Starting LSB: MD monitoring daemon...
[[0;32m  OK  [0m] Started FUSE filesystem for LXC.
         Starting LXD - container startup/shutdown...
[[0;32m  OK  [0m] Started Deferred execution scheduler.
[[0;32m  OK  [0m] Started Regular background program processing daemon.
[[0;32m  OK  [0m] Started D-Bus System Message Bus.
         Starting Snap Daemon...
[[0;32m  OK  [0m] Started System Logging Service.
[[0;32m  OK  [0m] Started /etc/rc.local Compatibility.
[[0;32m  OK  [0m] Started iSCSI initiator daemon (iscsid).
[[0;32m  OK  [0m] Started Login Service.
[[0;32m  OK  [0m] Started Unattended Upgrades Shutdown.
         Starting Authenticate and Authorize Users to Run Privileged Tasks...
         Starting Login to default iSCSI targets...
[[0;32m  OK  [0m] Started LSB: Record successful boot for GRUB.
[[0;32m  OK  [0m] Started LSB: MD monitoring daemon.
[[0;32m  OK  [0m] Started Login to default iSCSI targets.
[[0;32m  OK  [0m] Reached target Remote File Systems (Pre).
[[0;32m  OK  [0m] Reached target Remote File Systems.
         Starting LSB: automatic crash report generation...
         Starting LSB: daemon to balance interrupts for SMP systems...
         Starting LSB: Set the CPU Frequency Scaling governor to "ondemand"...
         Starting Permit User Sessions...
[[0;32m  OK  [0m] Started LXD - container startup/shutdown.
[[0;32m  OK  [0m] Started Permit User Sessions.
         Starting Terminate Plymouth Boot Screen...
         Starting Hold until boot process finishes up...
[[0;32m  OK  [0m] Started Hold until boot process finishes up.
[[0;32m  OK  [0m] Started Terminate Plymouth Boot Screen.
[[0;32m  OK  [0m] Started Authenticate and Authorize Users to Run Privileged Tasks.
[[0;32m  OK  [0m] Started Serial Getty on ttyS0.
[[0;32m  OK  [0m] Started Getty on tty1.
[[0;32m  OK  [0m] Reached target Login Prompts.
         Starting Set console scheme...
[[0;32m  OK  [0m] Started LSB: automatic crash report generation.
[[0;32m  OK  [0m] Started LSB: Set the CPU Frequency Scaling governor to "ondemand".
[[0;32m  OK  [0m] Started LSB: daemon to balance interrupts for SMP systems.
[[0;32m  OK  [0m] Started Set console scheme.
[[0;32m  OK  [0m] Started Accounts Service.
[[0;32m  OK  [0m] Started Virtualbox guest utils.
[[0;32m  OK  [0m] Started Pollinate to seed the pseudo random number generator.
         Starting OpenBSD Secure Shell server...
[[0;32m  OK  [0m] Started Snap Daemon.
         Starting Wait until snapd is fully seeded...
[[0;32m  OK  [0m] Started OpenBSD Secure Shell server.
[[0;32m  OK  [0m] Started Wait until snapd is fully seeded.
         Starting Apply the settings specified in cloud-config...
[[0;32m  OK  [0m] Reached target Multi-User System.
[[0;32m  OK  [0m] Reached target Graphical Interface.
         Starting Update UTMP about System Runlevel Changes...
[[0;32m  OK  [0m] Started Update UTMP about System Runlevel Changes.
[   17.140100] cloud-init[1305]: Generating locales (this might take a while)...
[   18.217855] cloud-init[1305]:   en_US.UTF-8... done
[   18.218828] cloud-init[1305]: Generation complete.
[   18.600773] cloud-init[1305]: Cloud-init v. 21.1-19-gbad84ad4-0ubuntu1~16.04.2 running 'modules:config' at Thu, 21 Apr 2022 10:45:09 +0000. Up 16.97 seconds.
[[0;32m  OK  [0m] Started Apply the settings specified in cloud-config.
         Starting Execute cloud user/final scripts...
[[0;32m  OK  [0m] Created slice User Slice of vagrant.
         Starting User Manager for UID 1000...
[[0;32m  OK  [0m] Started Session 1 of user vagrant.
[[0;32m  OK  [0m] Started User Manager for UID 1000.
ci-info: no authorized SSH keys fingerprints found for user ubuntu.
<14>Apr 21 10:45:12 ec2: 
<14>Apr 21 10:45:12 ec2: #############################################################
<14>Apr 21 10:45:12 ec2: -----BEGIN SSH HOST KEY FINGERPRINTS-----
<14>Apr 21 10:45:12 ec2: 1024 SHA256:8vPQmdcxUfJxtDoIEIDQwBKoqOW6I6fAFnu+EgE0Suc root@ubuntu-xenial (DSA)
<14>Apr 21 10:45:12 ec2: 256 SHA256:vvxd6f0rJjlTww5f0HnkjAkQ8O5srqUKdDeiVCUdobY root@ubuntu-xenial (ECDSA)
<14>Apr 21 10:45:12 ec2: 256 SHA256:chzWljbs5I4sZmtWXKzXEh0mx9hMWbWjVF2U7cGupPA root@ubuntu-xenial (ED25519)
<14>Apr 21 10:45:12 ec2: 2048 SHA256:P8L/EH3mCdXQxJ1X94Ud/jbzloETngOLdQQ66gkDyzA root@ubuntu-xenial (RSA)
<14>Apr 21 10:45:12 ec2: -----END SSH HOST KEY FINGERPRINTS-----
<14>Apr 21 10:45:12 ec2: #############################################################
-----BEGIN SSH HOST KEY KEYS-----
ecdsa-sha2-nistp256 AAAAE2VjZHNhLXNoYTItbmlzdHAyNTYAAAAIbmlzdHAyNTYAAABBBHDxL69NFJpsDCBQQvY8lVCQasN/RrIKzhUGkXDOv0MAxJfSph/j4vNW7MSD83kObHYBk6ZimqNMT3Airw9uQ2A= root@ubuntu-xenial
ssh-ed25519 AAAAC3NzaC1lZDI1NTE5AAAAICV+ohIMQ/44jwrQgQ6Pt3RjzOxk4guYfv/YI18K/rfu root@ubuntu-xenial
ssh-rsa AAAAB3NzaC1yc2EAAAADAQABAAABAQClcjohaR7XjCyJ5jq5VSN3ua39d3aayOgASzGIfzACrq8OlCoS5wGseaK16etjbWcDBFW7yA5Exl8WHxPG5Hh9Zqz36u3ufCku4/y25YE6yPgE6SbStK3KUvItWvZqDqOTPcaOAkNIrO5ZEx7vJDJbtvd8eBC6w2X+NJCU28y/98urNfmp1TWnXO825bAvoCHo1v35zspX9s54dIQRditqZ02gVt3rtJfPeMsw2DA61wLfp9pgx29fU6lpLUDSgblXN6ec1PTLvVqzTpRrGlb1BSEzFIr6pbYATpWiZm1Ob5MV90fp2z/nrRLZL6rWq+vGlRcLA6mqfn1enVqWifDl root@ubuntu-xenial
-----END SSH HOST KEY KEYS-----
[   19.380051] cloud-init[1352]: Cloud-init v. 21.1-19-gbad84ad4-0ubuntu1~16.04.2 running 'modules:final' at Thu, 21 Apr 2022 10:45:11 +0000. Up 19.13 seconds.
[   19.388605] cloud-init[1352]: ci-info: no authorized SSH keys fingerprints found for user ubuntu.
[   19.390802] cloud-init[1352]: Cloud-init v. 21.1-19-gbad84ad4-0ubuntu1~16.04.2 finished at Thu, 21 Apr 2022 10:45:12 +0000. Datasource DataSourceNoCloud [seed=/dev/sdb][dsmode=net].  Up 19.36 seconds
[[0;32m  OK  [0m] Started Execute cloud user/final scripts.
[[0;32m  OK  [0m] Reached target Cloud-init target.

Ubuntu 16.04.7 LTS ubuntu-xenial ttyS0

ubuntu-xenial login: 